{"/home/gustavo/desafio/desafio-pro-franchising/src/controllers/userControllers.js": {"path":"/home/gustavo/desafio/desafio-pro-franchising/src/controllers/userControllers.js","statementMap":{"0":{"start":{"line":1,"column":21},"end":{"line":1,"column":56}},"1":{"start":{"line":2,"column":10},"end":{"line":2,"column":47}},"2":{"start":{"line":4,"column":19},"end":{"line":11,"column":1}},"3":{"start":{"line":5,"column":2},"end":{"line":10,"column":3}},"4":{"start":{"line":6,"column":17},"end":{"line":6,"column":56}},"5":{"start":{"line":7,"column":4},"end":{"line":7,"column":44}},"6":{"start":{"line":9,"column":4},"end":{"line":9,"column":48}},"7":{"start":{"line":14,"column":0},"end":{"line":16,"column":2}}},"fnMap":{"0":{"name":"(anonymous_0)","decl":{"start":{"line":4,"column":19},"end":{"line":4,"column":20}},"loc":{"start":{"line":4,"column":39},"end":{"line":11,"column":1}},"line":4}},"branchMap":{},"s":{"0":1,"1":1,"2":1,"3":2,"4":2,"5":1,"6":1,"7":1},"f":{"0":2},"b":{},"_coverageSchema":"1a1c01bbd47fc00a2c39e90264f33305004495a9","hash":"2e972a2f48be616ab1c2c00a28e373f385b3548c"}
,"/home/gustavo/desafio/desafio-pro-franchising/src/middlewares/CustomError.js": {"path":"/home/gustavo/desafio/desafio-pro-franchising/src/middlewares/CustomError.js","statementMap":{"0":{"start":{"line":3,"column":4},"end":{"line":3,"column":33}},"1":{"start":{"line":4,"column":4},"end":{"line":4,"column":31}},"2":{"start":{"line":8,"column":0},"end":{"line":8,"column":29}}},"fnMap":{"0":{"name":"(anonymous_0)","decl":{"start":{"line":2,"column":2},"end":{"line":2,"column":3}},"loc":{"start":{"line":2,"column":21},"end":{"line":5,"column":3}},"line":2}},"branchMap":{},"s":{"0":1,"1":1,"2":1},"f":{"0":1},"b":{},"_coverageSchema":"1a1c01bbd47fc00a2c39e90264f33305004495a9","hash":"32d6eeb73df565eda8bc236e3675c92f270d509c"}
,"/home/gustavo/desafio/desafio-pro-franchising/src/models/connection.js": {"path":"/home/gustavo/desafio/desafio-pro-franchising/src/models/connection.js","statementMap":{"0":{"start":{"line":1,"column":0},"end":{"line":1,"column":27}},"1":{"start":{"line":3,"column":16},"end":{"line":3,"column":46}},"2":{"start":{"line":5,"column":21},"end":{"line":5,"column":71}},"3":{"start":{"line":6,"column":16},"end":{"line":6,"column":28}},"4":{"start":{"line":8,"column":19},"end":{"line":16,"column":4}},"5":{"start":{"line":8,"column":25},"end":{"line":16,"column":4}},"6":{"start":{"line":12,"column":18},"end":{"line":12,"column":34}},"7":{"start":{"line":14,"column":4},"end":{"line":14,"column":21}},"8":{"start":{"line":15,"column":4},"end":{"line":15,"column":20}},"9":{"start":{"line":18,"column":0},"end":{"line":18,"column":28}}},"fnMap":{"0":{"name":"(anonymous_0)","decl":{"start":{"line":8,"column":19},"end":{"line":8,"column":20}},"loc":{"start":{"line":8,"column":25},"end":{"line":16,"column":4}},"line":8},"1":{"name":"(anonymous_1)","decl":{"start":{"line":12,"column":8},"end":{"line":12,"column":9}},"loc":{"start":{"line":12,"column":18},"end":{"line":12,"column":34}},"line":12},"2":{"name":"(anonymous_2)","decl":{"start":{"line":13,"column":9},"end":{"line":13,"column":10}},"loc":{"start":{"line":13,"column":18},"end":{"line":16,"column":3}},"line":13}},"branchMap":{"0":{"loc":{"start":{"line":5,"column":34},"end":{"line":5,"column":63}},"type":"binary-expr","locations":[{"start":{"line":5,"column":34},"end":{"line":5,"column":50}},{"start":{"line":5,"column":54},"end":{"line":5,"column":63}}],"line":5}},"s":{"0":1,"1":1,"2":1,"3":1,"4":1,"5":0,"6":0,"7":0,"8":0,"9":1},"f":{"0":0,"1":0,"2":0},"b":{"0":[1,0]},"_coverageSchema":"1a1c01bbd47fc00a2c39e90264f33305004495a9","hash":"3ca7132760e11a4001654e2c049f14b34bbd5476"}
,"/home/gustavo/desafio/desafio-pro-franchising/src/models/userModels.js": {"path":"/home/gustavo/desafio/desafio-pro-franchising/src/models/userModels.js","statementMap":{"0":{"start":{"line":1,"column":19},"end":{"line":1,"column":42}},"1":{"start":{"line":3,"column":19},"end":{"line":7,"column":1}},"2":{"start":{"line":4,"column":13},"end":{"line":4,"column":31}},"3":{"start":{"line":5,"column":15},"end":{"line":5,"column":73}},"4":{"start":{"line":6,"column":2},"end":{"line":6,"column":14}},"5":{"start":{"line":9,"column":24},"end":{"line":13,"column":1}},"6":{"start":{"line":10,"column":13},"end":{"line":10,"column":31}},"7":{"start":{"line":11,"column":15},"end":{"line":11,"column":80}},"8":{"start":{"line":12,"column":2},"end":{"line":12,"column":14}},"9":{"start":{"line":15,"column":0},"end":{"line":18,"column":2}}},"fnMap":{"0":{"name":"(anonymous_0)","decl":{"start":{"line":3,"column":19},"end":{"line":3,"column":20}},"loc":{"start":{"line":3,"column":39},"end":{"line":7,"column":1}},"line":3},"1":{"name":"(anonymous_1)","decl":{"start":{"line":9,"column":24},"end":{"line":9,"column":25}},"loc":{"start":{"line":9,"column":45},"end":{"line":13,"column":1}},"line":9}},"branchMap":{},"s":{"0":1,"1":1,"2":0,"3":0,"4":0,"5":1,"6":0,"7":0,"8":0,"9":1},"f":{"0":0,"1":0},"b":{},"_coverageSchema":"1a1c01bbd47fc00a2c39e90264f33305004495a9","hash":"f1dccfa32008c927194f7f28909b11228715caab"}
,"/home/gustavo/desafio/desafio-pro-franchising/src/schemas/userSchema.js": {"path":"/home/gustavo/desafio/desafio-pro-franchising/src/schemas/userSchema.js","statementMap":{"0":{"start":{"line":1,"column":12},"end":{"line":1,"column":26}},"1":{"start":{"line":3,"column":19},"end":{"line":8,"column":2}},"2":{"start":{"line":10,"column":0},"end":{"line":12,"column":1}}},"fnMap":{},"branchMap":{},"s":{"0":1,"1":1,"2":1},"f":{},"b":{},"_coverageSchema":"1a1c01bbd47fc00a2c39e90264f33305004495a9","hash":"65304d9cc9b011e9cf06f7c258d71ef0178324a8"}
,"/home/gustavo/desafio/desafio-pro-franchising/src/services/userServices.js": {"path":"/home/gustavo/desafio/desafio-pro-franchising/src/services/userServices.js","statementMap":{"0":{"start":{"line":1,"column":21},"end":{"line":1,"column":39}},"1":{"start":{"line":2,"column":19},"end":{"line":2,"column":50}},"2":{"start":{"line":3,"column":20},"end":{"line":3,"column":57}},"3":{"start":{"line":4,"column":10},"end":{"line":4,"column":47}},"4":{"start":{"line":5,"column":15},"end":{"line":5,"column":47}},"5":{"start":{"line":6,"column":15},"end":{"line":6,"column":44}},"6":{"start":{"line":8,"column":19},"end":{"line":19,"column":1}},"7":{"start":{"line":9,"column":20},"end":{"line":9,"column":52}},"8":{"start":{"line":10,"column":2},"end":{"line":10,"column":31}},"9":{"start":{"line":12,"column":28},"end":{"line":12,"column":72}},"10":{"start":{"line":14,"column":2},"end":{"line":14,"column":52}},"11":{"start":{"line":16,"column":25},"end":{"line":16,"column":58}},"12":{"start":{"line":18,"column":2},"end":{"line":18,"column":102}},"13":{"start":{"line":22,"column":0},"end":{"line":24,"column":2}}},"fnMap":{"0":{"name":"(anonymous_0)","decl":{"start":{"line":8,"column":19},"end":{"line":8,"column":20}},"loc":{"start":{"line":8,"column":35},"end":{"line":19,"column":1}},"line":8}},"branchMap":{},"s":{"0":1,"1":1,"2":1,"3":1,"4":1,"5":1,"6":1,"7":1,"8":1,"9":0,"10":0,"11":0,"12":0,"13":1},"f":{"0":1},"b":{},"_coverageSchema":"1a1c01bbd47fc00a2c39e90264f33305004495a9","hash":"4ce82c8f085a6ceb22354dca20dd5bc7d35a54eb"}
,"/home/gustavo/desafio/desafio-pro-franchising/src/utils/dictionary/errorObjects.js": {"path":"/home/gustavo/desafio/desafio-pro-franchising/src/utils/dictionary/errorObjects.js","statementMap":{"0":{"start":{"line":1,"column":10},"end":{"line":1,"column":29}},"1":{"start":{"line":3,"column":14},"end":{"line":5,"column":1}},"2":{"start":{"line":7,"column":0},"end":{"line":7,"column":23}}},"fnMap":{},"branchMap":{},"s":{"0":1,"1":1,"2":1},"f":{},"b":{},"_coverageSchema":"1a1c01bbd47fc00a2c39e90264f33305004495a9","hash":"8d107a746d28359a0cf23a8eeaa9c3d5ad9ecc52"}
,"/home/gustavo/desafio/desafio-pro-franchising/src/utils/dictionary/status.js": {"path":"/home/gustavo/desafio/desafio-pro-franchising/src/utils/dictionary/status.js","statementMap":{"0":{"start":{"line":1,"column":0},"end":{"line":10,"column":2}}},"fnMap":{},"branchMap":{},"s":{"0":1},"f":{},"b":{},"_coverageSchema":"1a1c01bbd47fc00a2c39e90264f33305004495a9","hash":"c35ff3b4ceef1b6c7f99b3662ec75717d537d93f"}
,"/home/gustavo/desafio/desafio-pro-franchising/src/utils/functions/index.js": {"path":"/home/gustavo/desafio/desafio-pro-franchising/src/utils/functions/index.js","statementMap":{"0":{"start":{"line":1,"column":20},"end":{"line":1,"column":60}},"1":{"start":{"line":2,"column":10},"end":{"line":2,"column":47}},"2":{"start":{"line":3,"column":10},"end":{"line":3,"column":41}},"3":{"start":{"line":5,"column":23},"end":{"line":10,"column":1}},"4":{"start":{"line":6,"column":14},"end":{"line":6,"column":47}},"5":{"start":{"line":7,"column":2},"end":{"line":9,"column":3}},"6":{"start":{"line":8,"column":4},"end":{"line":8,"column":70}},"7":{"start":{"line":12,"column":32},"end":{"line":16,"column":1}},"8":{"start":{"line":13,"column":2},"end":{"line":15,"column":3}},"9":{"start":{"line":14,"column":4},"end":{"line":14,"column":47}},"10":{"start":{"line":18,"column":0},"end":{"line":21,"column":1}}},"fnMap":{"0":{"name":"(anonymous_0)","decl":{"start":{"line":5,"column":23},"end":{"line":5,"column":24}},"loc":{"start":{"line":5,"column":34},"end":{"line":10,"column":1}},"line":5},"1":{"name":"(anonymous_1)","decl":{"start":{"line":12,"column":32},"end":{"line":12,"column":33}},"loc":{"start":{"line":12,"column":43},"end":{"line":16,"column":1}},"line":12}},"branchMap":{"0":{"loc":{"start":{"line":6,"column":14},"end":{"line":6,"column":47}},"type":"binary-expr","locations":[{"start":{"line":6,"column":14},"end":{"line":6,"column":19}},{"start":{"line":6,"column":23},"end":{"line":6,"column":47}}],"line":6},"1":{"loc":{"start":{"line":7,"column":2},"end":{"line":9,"column":3}},"type":"if","locations":[{"start":{"line":7,"column":2},"end":{"line":9,"column":3}},{"start":{},"end":{}}],"line":7},"2":{"loc":{"start":{"line":13,"column":2},"end":{"line":15,"column":3}},"type":"if","locations":[{"start":{"line":13,"column":2},"end":{"line":15,"column":3}},{"start":{},"end":{}}],"line":13}},"s":{"0":1,"1":1,"2":1,"3":1,"4":1,"5":1,"6":1,"7":1,"8":0,"9":0,"10":1},"f":{"0":1,"1":0},"b":{"0":[1,1],"1":[1,0],"2":[0,0]},"_coverageSchema":"1a1c01bbd47fc00a2c39e90264f33305004495a9","hash":"d821b1fa3c363efeec8223da1bc846b20987cddd"}
}
