{"/home/gustavo/desafio/desafio-pro-franchising/src/controllers/userControllers.js": {"path":"/home/gustavo/desafio/desafio-pro-franchising/src/controllers/userControllers.js","statementMap":{"0":{"start":{"line":1,"column":21},"end":{"line":1,"column":56}},"1":{"start":{"line":2,"column":10},"end":{"line":2,"column":47}},"2":{"start":{"line":4,"column":19},"end":{"line":11,"column":1}},"3":{"start":{"line":5,"column":2},"end":{"line":10,"column":3}},"4":{"start":{"line":6,"column":17},"end":{"line":6,"column":56}},"5":{"start":{"line":7,"column":4},"end":{"line":7,"column":44}},"6":{"start":{"line":9,"column":4},"end":{"line":9,"column":48}},"7":{"start":{"line":13,"column":14},"end":{"line":20,"column":1}},"8":{"start":{"line":14,"column":2},"end":{"line":19,"column":3}},"9":{"start":{"line":15,"column":18},"end":{"line":15,"column":52}},"10":{"start":{"line":16,"column":4},"end":{"line":16,"column":45}},"11":{"start":{"line":18,"column":4},"end":{"line":18,"column":48}},"12":{"start":{"line":23,"column":0},"end":{"line":26,"column":2}}},"fnMap":{"0":{"name":"(anonymous_0)","decl":{"start":{"line":4,"column":19},"end":{"line":4,"column":20}},"loc":{"start":{"line":4,"column":39},"end":{"line":11,"column":1}},"line":4},"1":{"name":"(anonymous_1)","decl":{"start":{"line":13,"column":14},"end":{"line":13,"column":15}},"loc":{"start":{"line":13,"column":34},"end":{"line":20,"column":1}},"line":13}},"branchMap":{},"s":{"0":1,"1":1,"2":1,"3":2,"4":2,"5":1,"6":1,"7":1,"8":4,"9":4,"10":1,"11":3,"12":1},"f":{"0":2,"1":4},"b":{},"_coverageSchema":"1a1c01bbd47fc00a2c39e90264f33305004495a9","hash":"52bdfe3f6395c48f407b4f33fa72b54a4fcd7430"}
,"/home/gustavo/desafio/desafio-pro-franchising/src/middlewares/CustomError.js": {"path":"/home/gustavo/desafio/desafio-pro-franchising/src/middlewares/CustomError.js","statementMap":{"0":{"start":{"line":3,"column":4},"end":{"line":3,"column":33}},"1":{"start":{"line":4,"column":4},"end":{"line":4,"column":31}},"2":{"start":{"line":8,"column":0},"end":{"line":8,"column":29}}},"fnMap":{"0":{"name":"(anonymous_0)","decl":{"start":{"line":2,"column":2},"end":{"line":2,"column":3}},"loc":{"start":{"line":2,"column":21},"end":{"line":5,"column":3}},"line":2}},"branchMap":{},"s":{"0":26,"1":26,"2":2},"f":{"0":26},"b":{},"_coverageSchema":"1a1c01bbd47fc00a2c39e90264f33305004495a9","hash":"32d6eeb73df565eda8bc236e3675c92f270d509c"}
,"/home/gustavo/desafio/desafio-pro-franchising/src/middlewares/auth.js": {"path":"/home/gustavo/desafio/desafio-pro-franchising/src/middlewares/auth.js","statementMap":{"0":{"start":{"line":1,"column":0},"end":{"line":1,"column":27}},"1":{"start":{"line":2,"column":12},"end":{"line":2,"column":35}},"2":{"start":{"line":3,"column":20},"end":{"line":3,"column":44}},"3":{"start":{"line":4,"column":10},"end":{"line":4,"column":47}},"4":{"start":{"line":6,"column":15},"end":{"line":6,"column":49}},"5":{"start":{"line":8,"column":18},"end":{"line":11,"column":1}},"6":{"start":{"line":13,"column":20},"end":{"line":13,"column":99}},"7":{"start":{"line":13,"column":41},"end":{"line":13,"column":99}},"8":{"start":{"line":15,"column":0},"end":{"line":17,"column":2}}},"fnMap":{"0":{"name":"(anonymous_0)","decl":{"start":{"line":13,"column":20},"end":{"line":13,"column":21}},"loc":{"start":{"line":13,"column":41},"end":{"line":13,"column":99}},"line":13}},"branchMap":{"0":{"loc":{"start":{"line":6,"column":15},"end":{"line":6,"column":49}},"type":"binary-expr","locations":[{"start":{"line":6,"column":15},"end":{"line":6,"column":33}},{"start":{"line":6,"column":37},"end":{"line":6,"column":49}}],"line":6}},"s":{"0":2,"1":2,"2":2,"3":2,"4":2,"5":2,"6":2,"7":1,"8":2},"f":{"0":1},"b":{"0":[2,0]},"_coverageSchema":"1a1c01bbd47fc00a2c39e90264f33305004495a9","hash":"6e64a0e9852dd9ba7599acab5548d0b72e7e1a5c"}
,"/home/gustavo/desafio/desafio-pro-franchising/src/models/connection.js": {"path":"/home/gustavo/desafio/desafio-pro-franchising/src/models/connection.js","statementMap":{"0":{"start":{"line":1,"column":0},"end":{"line":1,"column":27}},"1":{"start":{"line":3,"column":16},"end":{"line":3,"column":46}},"2":{"start":{"line":5,"column":21},"end":{"line":5,"column":71}},"3":{"start":{"line":6,"column":16},"end":{"line":6,"column":28}},"4":{"start":{"line":8,"column":19},"end":{"line":16,"column":4}},"5":{"start":{"line":8,"column":25},"end":{"line":16,"column":4}},"6":{"start":{"line":12,"column":18},"end":{"line":12,"column":34}},"7":{"start":{"line":14,"column":4},"end":{"line":14,"column":21}},"8":{"start":{"line":15,"column":4},"end":{"line":15,"column":20}},"9":{"start":{"line":18,"column":0},"end":{"line":18,"column":28}}},"fnMap":{"0":{"name":"(anonymous_0)","decl":{"start":{"line":8,"column":19},"end":{"line":8,"column":20}},"loc":{"start":{"line":8,"column":25},"end":{"line":16,"column":4}},"line":8},"1":{"name":"(anonymous_1)","decl":{"start":{"line":12,"column":8},"end":{"line":12,"column":9}},"loc":{"start":{"line":12,"column":18},"end":{"line":12,"column":34}},"line":12},"2":{"name":"(anonymous_2)","decl":{"start":{"line":13,"column":9},"end":{"line":13,"column":10}},"loc":{"start":{"line":13,"column":18},"end":{"line":16,"column":3}},"line":13}},"branchMap":{"0":{"loc":{"start":{"line":5,"column":34},"end":{"line":5,"column":63}},"type":"binary-expr","locations":[{"start":{"line":5,"column":34},"end":{"line":5,"column":50}},{"start":{"line":5,"column":54},"end":{"line":5,"column":63}}],"line":5}},"s":{"0":3,"1":3,"2":3,"3":3,"4":3,"5":4,"6":4,"7":0,"8":0,"9":3},"f":{"0":4,"1":4,"2":0},"b":{"0":[3,0]},"_coverageSchema":"1a1c01bbd47fc00a2c39e90264f33305004495a9","hash":"3ca7132760e11a4001654e2c049f14b34bbd5476"}
,"/home/gustavo/desafio/desafio-pro-franchising/src/models/userModels.js": {"path":"/home/gustavo/desafio/desafio-pro-franchising/src/models/userModels.js","statementMap":{"0":{"start":{"line":1,"column":19},"end":{"line":1,"column":42}},"1":{"start":{"line":3,"column":19},"end":{"line":7,"column":1}},"2":{"start":{"line":4,"column":13},"end":{"line":4,"column":31}},"3":{"start":{"line":5,"column":15},"end":{"line":5,"column":73}},"4":{"start":{"line":6,"column":2},"end":{"line":6,"column":14}},"5":{"start":{"line":9,"column":24},"end":{"line":13,"column":1}},"6":{"start":{"line":10,"column":13},"end":{"line":10,"column":31}},"7":{"start":{"line":11,"column":15},"end":{"line":11,"column":80}},"8":{"start":{"line":12,"column":2},"end":{"line":12,"column":14}},"9":{"start":{"line":15,"column":0},"end":{"line":18,"column":2}}},"fnMap":{"0":{"name":"(anonymous_0)","decl":{"start":{"line":3,"column":19},"end":{"line":3,"column":20}},"loc":{"start":{"line":3,"column":39},"end":{"line":7,"column":1}},"line":3},"1":{"name":"(anonymous_1)","decl":{"start":{"line":9,"column":24},"end":{"line":9,"column":25}},"loc":{"start":{"line":9,"column":45},"end":{"line":13,"column":1}},"line":9}},"branchMap":{},"s":{"0":3,"1":3,"2":1,"3":1,"4":1,"5":3,"6":3,"7":3,"8":3,"9":3},"f":{"0":1,"1":3},"b":{},"_coverageSchema":"1a1c01bbd47fc00a2c39e90264f33305004495a9","hash":"f1dccfa32008c927194f7f28909b11228715caab"}
,"/home/gustavo/desafio/desafio-pro-franchising/src/schemas/userSchema.js": {"path":"/home/gustavo/desafio/desafio-pro-franchising/src/schemas/userSchema.js","statementMap":{"0":{"start":{"line":1,"column":12},"end":{"line":1,"column":26}},"1":{"start":{"line":3,"column":19},"end":{"line":8,"column":2}},"2":{"start":{"line":10,"column":20},"end":{"line":13,"column":2}},"3":{"start":{"line":15,"column":0},"end":{"line":18,"column":1}}},"fnMap":{},"branchMap":{},"s":{"0":2,"1":2,"2":2,"3":2},"f":{},"b":{},"_coverageSchema":"1a1c01bbd47fc00a2c39e90264f33305004495a9","hash":"35b0d3b9cc8652f36d5d424633413f005c0200c6"}
,"/home/gustavo/desafio/desafio-pro-franchising/src/services/userServices.js": {"path":"/home/gustavo/desafio/desafio-pro-franchising/src/services/userServices.js","statementMap":{"0":{"start":{"line":1,"column":21},"end":{"line":1,"column":39}},"1":{"start":{"line":2,"column":19},"end":{"line":2,"column":50}},"2":{"start":{"line":3,"column":20},"end":{"line":3,"column":57}},"3":{"start":{"line":4,"column":10},"end":{"line":4,"column":47}},"4":{"start":{"line":5,"column":15},"end":{"line":5,"column":47}},"5":{"start":{"line":6,"column":15},"end":{"line":6,"column":44}},"6":{"start":{"line":7,"column":13},"end":{"line":7,"column":43}},"7":{"start":{"line":9,"column":19},"end":{"line":20,"column":1}},"8":{"start":{"line":10,"column":20},"end":{"line":10,"column":52}},"9":{"start":{"line":11,"column":2},"end":{"line":11,"column":31}},"10":{"start":{"line":13,"column":28},"end":{"line":13,"column":72}},"11":{"start":{"line":15,"column":2},"end":{"line":15,"column":52}},"12":{"start":{"line":17,"column":25},"end":{"line":17,"column":58}},"13":{"start":{"line":19,"column":2},"end":{"line":19,"column":102}},"14":{"start":{"line":22,"column":14},"end":{"line":33,"column":1}},"15":{"start":{"line":23,"column":20},"end":{"line":23,"column":57}},"16":{"start":{"line":24,"column":2},"end":{"line":24,"column":31}},"17":{"start":{"line":26,"column":20},"end":{"line":26,"column":68}},"18":{"start":{"line":27,"column":2},"end":{"line":27,"column":31}},"19":{"start":{"line":28,"column":2},"end":{"line":28,"column":54}},"20":{"start":{"line":30,"column":24},"end":{"line":30,"column":33}},"21":{"start":{"line":32,"column":2},"end":{"line":32,"column":111}},"22":{"start":{"line":36,"column":0},"end":{"line":39,"column":2}}},"fnMap":{"0":{"name":"(anonymous_0)","decl":{"start":{"line":9,"column":19},"end":{"line":9,"column":20}},"loc":{"start":{"line":9,"column":35},"end":{"line":20,"column":1}},"line":9},"1":{"name":"(anonymous_1)","decl":{"start":{"line":22,"column":14},"end":{"line":22,"column":15}},"loc":{"start":{"line":22,"column":34},"end":{"line":33,"column":1}},"line":22}},"branchMap":{},"s":{"0":2,"1":2,"2":2,"3":2,"4":2,"5":2,"6":2,"7":2,"8":8,"9":8,"10":2,"11":2,"12":1,"13":1,"14":2,"15":9,"16":9,"17":5,"18":5,"19":3,"20":1,"21":1,"22":2},"f":{"0":8,"1":9},"b":{},"_coverageSchema":"1a1c01bbd47fc00a2c39e90264f33305004495a9","hash":"e0fcff0e2ccc409d9acc702ff9e840029035f905"}
,"/home/gustavo/desafio/desafio-pro-franchising/src/tests/mongoConnection.js": {"path":"/home/gustavo/desafio/desafio-pro-franchising/src/tests/mongoConnection.js","statementMap":{"0":{"start":{"line":1,"column":24},"end":{"line":1,"column":42}},"1":{"start":{"line":2,"column":30},"end":{"line":2,"column":62}},"2":{"start":{"line":4,"column":17},"end":{"line":4,"column":40}},"3":{"start":{"line":6,"column":19},"end":{"line":14,"column":1}},"4":{"start":{"line":7,"column":18},"end":{"line":7,"column":41}},"5":{"start":{"line":8,"column":18},"end":{"line":11,"column":3}},"6":{"start":{"line":13,"column":2},"end":{"line":13,"column":47}},"7":{"start":{"line":16,"column":0},"end":{"line":16,"column":29}}},"fnMap":{"0":{"name":"(anonymous_0)","decl":{"start":{"line":6,"column":19},"end":{"line":6,"column":20}},"loc":{"start":{"line":6,"column":31},"end":{"line":14,"column":1}},"line":6}},"branchMap":{},"s":{"0":1,"1":1,"2":1,"3":1,"4":2,"5":2,"6":2,"7":1},"f":{"0":2},"b":{},"_coverageSchema":"1a1c01bbd47fc00a2c39e90264f33305004495a9","hash":"d76aa1ec02346f713de6b65819d7b9681900d806"}
,"/home/gustavo/desafio/desafio-pro-franchising/src/utils/dictionary/errorObjects.js": {"path":"/home/gustavo/desafio/desafio-pro-franchising/src/utils/dictionary/errorObjects.js","statementMap":{"0":{"start":{"line":1,"column":10},"end":{"line":1,"column":29}},"1":{"start":{"line":3,"column":14},"end":{"line":7,"column":1}},"2":{"start":{"line":9,"column":0},"end":{"line":9,"column":23}}},"fnMap":{},"branchMap":{},"s":{"0":2,"1":2,"2":2},"f":{},"b":{},"_coverageSchema":"1a1c01bbd47fc00a2c39e90264f33305004495a9","hash":"22a863d2946dacbd2dd041b4d1ccee20494e49ec"}
,"/home/gustavo/desafio/desafio-pro-franchising/src/utils/dictionary/status.js": {"path":"/home/gustavo/desafio/desafio-pro-franchising/src/utils/dictionary/status.js","statementMap":{"0":{"start":{"line":1,"column":0},"end":{"line":10,"column":2}}},"fnMap":{},"branchMap":{},"s":{"0":2},"f":{},"b":{},"_coverageSchema":"1a1c01bbd47fc00a2c39e90264f33305004495a9","hash":"c35ff3b4ceef1b6c7f99b3662ec75717d537d93f"}
,"/home/gustavo/desafio/desafio-pro-franchising/src/utils/functions/index.js": {"path":"/home/gustavo/desafio/desafio-pro-franchising/src/utils/functions/index.js","statementMap":{"0":{"start":{"line":1,"column":20},"end":{"line":1,"column":60}},"1":{"start":{"line":2,"column":10},"end":{"line":2,"column":47}},"2":{"start":{"line":3,"column":10},"end":{"line":3,"column":41}},"3":{"start":{"line":5,"column":23},"end":{"line":10,"column":1}},"4":{"start":{"line":6,"column":14},"end":{"line":6,"column":47}},"5":{"start":{"line":7,"column":2},"end":{"line":9,"column":3}},"6":{"start":{"line":8,"column":4},"end":{"line":8,"column":70}},"7":{"start":{"line":12,"column":32},"end":{"line":16,"column":1}},"8":{"start":{"line":13,"column":2},"end":{"line":15,"column":3}},"9":{"start":{"line":14,"column":4},"end":{"line":14,"column":47}},"10":{"start":{"line":18,"column":19},"end":{"line":22,"column":1}},"11":{"start":{"line":19,"column":2},"end":{"line":21,"column":3}},"12":{"start":{"line":20,"column":4},"end":{"line":20,"column":41}},"13":{"start":{"line":24,"column":23},"end":{"line":28,"column":1}},"14":{"start":{"line":25,"column":2},"end":{"line":27,"column":3}},"15":{"start":{"line":26,"column":4},"end":{"line":26,"column":46}},"16":{"start":{"line":30,"column":0},"end":{"line":35,"column":1}}},"fnMap":{"0":{"name":"(anonymous_0)","decl":{"start":{"line":5,"column":23},"end":{"line":5,"column":24}},"loc":{"start":{"line":5,"column":34},"end":{"line":10,"column":1}},"line":5},"1":{"name":"(anonymous_1)","decl":{"start":{"line":12,"column":32},"end":{"line":12,"column":33}},"loc":{"start":{"line":12,"column":43},"end":{"line":16,"column":1}},"line":12},"2":{"name":"(anonymous_2)","decl":{"start":{"line":18,"column":19},"end":{"line":18,"column":20}},"loc":{"start":{"line":18,"column":29},"end":{"line":22,"column":1}},"line":18},"3":{"name":"(anonymous_3)","decl":{"start":{"line":24,"column":23},"end":{"line":24,"column":24}},"loc":{"start":{"line":24,"column":47},"end":{"line":28,"column":1}},"line":24}},"branchMap":{"0":{"loc":{"start":{"line":6,"column":14},"end":{"line":6,"column":47}},"type":"binary-expr","locations":[{"start":{"line":6,"column":14},"end":{"line":6,"column":19}},{"start":{"line":6,"column":23},"end":{"line":6,"column":47}}],"line":6},"1":{"loc":{"start":{"line":7,"column":2},"end":{"line":9,"column":3}},"type":"if","locations":[{"start":{"line":7,"column":2},"end":{"line":9,"column":3}},{"start":{},"end":{}}],"line":7},"2":{"loc":{"start":{"line":13,"column":2},"end":{"line":15,"column":3}},"type":"if","locations":[{"start":{"line":13,"column":2},"end":{"line":15,"column":3}},{"start":{},"end":{}}],"line":13},"3":{"loc":{"start":{"line":19,"column":2},"end":{"line":21,"column":3}},"type":"if","locations":[{"start":{"line":19,"column":2},"end":{"line":21,"column":3}},{"start":{},"end":{}}],"line":19},"4":{"loc":{"start":{"line":25,"column":2},"end":{"line":27,"column":3}},"type":"if","locations":[{"start":{"line":25,"column":2},"end":{"line":27,"column":3}},{"start":{},"end":{}}],"line":25}},"s":{"0":2,"1":2,"2":2,"3":2,"4":17,"5":17,"6":10,"7":2,"8":2,"9":1,"10":2,"11":5,"12":2,"13":2,"14":3,"15":2,"16":2},"f":{"0":17,"1":2,"2":5,"3":3},"b":{"0":[17,10],"1":[10,7],"2":[1,1],"3":[2,3],"4":[2,1]},"_coverageSchema":"1a1c01bbd47fc00a2c39e90264f33305004495a9","hash":"fedccf62ec4b38c8890145f6ee61b3bb082ed246"}
}
