TN:
SF:src/controllers/userControllers.js
FN:4,(anonymous_0)
FN:13,(anonymous_1)
FNF:2
FNH:2
FNDA:2,(anonymous_0)
FNDA:4,(anonymous_1)
DA:1,1
DA:2,1
DA:4,1
DA:5,2
DA:6,2
DA:7,1
DA:9,1
DA:13,1
DA:14,4
DA:15,4
DA:16,1
DA:18,3
DA:23,1
LF:13
LH:13
BRF:0
BRH:0
end_of_record
TN:
SF:src/middlewares/CustomError.js
FN:2,(anonymous_0)
FNF:1
FNH:1
FNDA:50,(anonymous_0)
DA:3,50
DA:4,50
DA:8,3
LF:3
LH:3
BRF:0
BRH:0
end_of_record
TN:
SF:src/middlewares/auth.js
FN:13,(anonymous_0)
FNF:1
FNH:1
FNDA:1,(anonymous_0)
DA:1,2
DA:2,2
DA:3,2
DA:4,2
DA:6,2
DA:8,2
DA:13,2
DA:15,2
LF:8
LH:8
BRDA:6,0,0,2
BRDA:6,0,1,0
BRF:2
BRH:1
end_of_record
TN:
SF:src/models/connection.js
FN:8,(anonymous_0)
FN:12,(anonymous_1)
FN:13,(anonymous_2)
FNF:3
FNH:2
FNDA:15,(anonymous_0)
FNDA:15,(anonymous_1)
FNDA:0,(anonymous_2)
DA:1,5
DA:3,5
DA:5,5
DA:6,5
DA:8,15
DA:12,15
DA:14,0
DA:15,0
DA:18,5
LF:9
LH:7
BRDA:5,0,0,5
BRDA:5,0,1,0
BRF:2
BRH:1
end_of_record
TN:
SF:src/models/ingredientModels.js
FN:4,(anonymous_0)
FN:11,(anonymous_1)
FN:18,(anonymous_2)
FN:25,(anonymous_3)
FN:32,(anonymous_4)
FN:46,(anonymous_5)
FNF:6
FNH:6
FNDA:1,(anonymous_0)
FNDA:2,(anonymous_1)
FNDA:1,(anonymous_2)
FNDA:3,(anonymous_3)
FNDA:2,(anonymous_4)
FNDA:2,(anonymous_5)
DA:1,2
DA:2,2
DA:4,2
DA:5,1
DA:6,1
DA:8,1
DA:11,2
DA:12,2
DA:13,2
DA:15,2
DA:18,2
DA:19,1
DA:20,1
DA:22,1
DA:25,2
DA:26,3
DA:27,3
DA:29,3
DA:32,2
DA:33,2
DA:34,2
DA:46,2
DA:47,2
DA:48,2
DA:52,2
LF:25
LH:25
BRF:0
BRH:0
end_of_record
TN:
SF:src/models/userModels.js
FN:3,(anonymous_0)
FN:9,(anonymous_1)
FNF:2
FNH:2
FNDA:1,(anonymous_0)
FNDA:3,(anonymous_1)
DA:1,3
DA:3,3
DA:4,1
DA:5,1
DA:6,1
DA:9,3
DA:10,3
DA:11,3
DA:12,3
DA:15,3
LF:10
LH:10
BRF:0
BRH:0
end_of_record
TN:
SF:src/schemas/ingredientSchema.js
FNF:0
FNH:0
DA:1,1
DA:3,1
DA:10,1
DA:15,1
LF:4
LH:4
BRF:0
BRH:0
end_of_record
TN:
SF:src/schemas/userSchema.js
FNF:0
FNH:0
DA:1,2
DA:3,2
DA:10,2
DA:15,2
LF:4
LH:4
BRF:0
BRH:0
end_of_record
TN:
SF:src/services/ingredientServices.js
FN:9,(anonymous_0)
FN:20,(anonymous_1)
FN:31,(anonymous_2)
FN:33,(anonymous_3)
FN:45,(anonymous_4)
FNF:5
FNH:5
FNDA:6,(anonymous_0)
FNDA:7,(anonymous_1)
FNDA:2,(anonymous_2)
FNDA:4,(anonymous_3)
FNDA:2,(anonymous_4)
DA:1,1
DA:2,1
DA:3,1
DA:4,1
DA:5,1
DA:6,1
DA:9,1
DA:10,6
DA:11,6
DA:12,0
DA:14,0
DA:15,0
DA:17,0
DA:20,1
DA:21,7
DA:22,1
DA:25,6
DA:26,6
DA:28,3
DA:31,2
DA:33,1
DA:34,4
DA:35,4
DA:37,2
DA:38,1
DA:40,1
DA:42,1
DA:45,1
DA:46,2
DA:47,1
DA:48,1
DA:52,1
LF:32
LH:28
BRDA:21,0,0,1
BRDA:21,0,1,6
BRF:2
BRH:2
end_of_record
TN:
SF:src/services/userServices.js
FN:9,(anonymous_0)
FN:22,(anonymous_1)
FNF:2
FNH:2
FNDA:8,(anonymous_0)
FNDA:9,(anonymous_1)
DA:1,2
DA:2,2
DA:3,2
DA:4,2
DA:5,2
DA:6,2
DA:7,2
DA:9,2
DA:10,8
DA:11,8
DA:13,2
DA:15,2
DA:17,1
DA:19,1
DA:22,2
DA:23,9
DA:24,9
DA:26,5
DA:27,5
DA:28,3
DA:30,1
DA:32,1
DA:36,2
LF:23
LH:23
BRF:0
BRH:0
end_of_record
TN:
SF:src/tests/mongoConnection.js
FN:6,(anonymous_0)
FNF:1
FNH:1
FNDA:8,(anonymous_0)
DA:1,2
DA:2,2
DA:4,2
DA:6,2
DA:7,8
DA:8,8
DA:13,8
DA:16,2
LF:8
LH:8
BRF:0
BRH:0
end_of_record
TN:
SF:src/utils/dictionary/errorObjects.js
FNF:0
FNH:0
DA:1,3
DA:3,3
DA:12,3
LF:3
LH:3
BRF:0
BRH:0
end_of_record
TN:
SF:src/utils/dictionary/status.js
FNF:0
FNH:0
DA:1,3
LF:1
LH:1
BRF:0
BRH:0
end_of_record
TN:
SF:src/utils/functions/index.js
FN:5,(anonymous_0)
FN:12,(anonymous_1)
FN:18,(anonymous_2)
FN:24,(anonymous_3)
FN:31,(anonymous_4)
FN:37,(anonymous_5)
FN:52,(anonymous_6)
FNF:7
FNH:6
FNDA:27,(anonymous_0)
FNDA:2,(anonymous_1)
FNDA:5,(anonymous_2)
FNDA:3,(anonymous_3)
FNDA:0,(anonymous_4)
FNDA:1,(anonymous_5)
FNDA:6,(anonymous_6)
DA:1,3
DA:2,3
DA:3,3
DA:5,3
DA:6,27
DA:7,27
DA:8,18
DA:12,3
DA:13,2
DA:14,1
DA:18,3
DA:19,5
DA:20,2
DA:24,3
DA:25,3
DA:26,2
DA:31,3
DA:32,0
DA:33,0
DA:37,3
DA:38,1
DA:39,1
DA:40,5
DA:41,2
DA:43,3
DA:47,1
DA:49,1
DA:52,3
DA:53,6
DA:54,3
DA:58,3
LF:31
LH:29
BRDA:6,0,0,27
BRDA:6,0,1,18
BRDA:7,1,0,18
BRDA:7,1,1,9
BRDA:13,2,0,1
BRDA:13,2,1,1
BRDA:19,3,0,2
BRDA:19,3,1,3
BRDA:25,4,0,2
BRDA:25,4,1,1
BRDA:32,5,0,0
BRDA:32,5,1,0
BRDA:40,6,0,2
BRDA:40,6,1,3
BRDA:53,7,0,3
BRDA:53,7,1,3
BRF:16
BRH:14
end_of_record
