TN:
SF:src/controllers/ingredientControllers.js
FN:4,(anonymous_0)
FN:13,(anonymous_1)
FN:22,(anonymous_2)
FN:32,(anonymous_3)
FN:43,(anonymous_4)
FNF:5
FNH:5
FNDA:3,(anonymous_0)
FNDA:3,(anonymous_1)
FNDA:1,(anonymous_2)
FNDA:4,(anonymous_3)
FNDA:3,(anonymous_4)
DA:1,1
DA:2,1
DA:4,1
DA:5,3
DA:6,3
DA:7,1
DA:9,2
DA:13,1
DA:14,3
DA:15,3
DA:16,1
DA:18,2
DA:22,1
DA:23,1
DA:24,1
DA:25,1
DA:27,0
DA:32,1
DA:33,4
DA:34,4
DA:35,4
DA:36,1
DA:38,3
DA:43,1
DA:44,3
DA:45,3
DA:46,1
DA:48,2
DA:53,1
LF:29
LH:28
BRF:0
BRH:0
end_of_record
TN:
SF:src/controllers/userControllers.js
FN:4,(anonymous_0)
FN:13,(anonymous_1)
FNF:2
FNH:2
FNDA:2,(anonymous_0)
FNDA:4,(anonymous_1)
DA:1,1
DA:2,1
DA:4,1
DA:5,2
DA:6,2
DA:7,1
DA:9,1
DA:13,1
DA:14,4
DA:15,4
DA:16,1
DA:18,3
DA:23,1
LF:13
LH:13
BRF:0
BRH:0
end_of_record
TN:
SF:src/middlewares/CustomError.js
FN:2,(anonymous_0)
FNF:1
FNH:1
FNDA:59,(anonymous_0)
DA:3,59
DA:4,59
DA:8,4
LF:3
LH:3
BRF:0
BRH:0
end_of_record
TN:
SF:src/middlewares/auth.js
FN:13,(anonymous_0)
FNF:1
FNH:1
FNDA:1,(anonymous_0)
DA:1,2
DA:2,2
DA:3,2
DA:4,2
DA:6,2
DA:8,2
DA:13,2
DA:15,2
LF:8
LH:8
BRDA:6,0,0,2
BRDA:6,0,1,0
BRF:2
BRH:1
end_of_record
TN:
SF:src/models/connection.js
FN:8,(anonymous_0)
FN:12,(anonymous_1)
FN:13,(anonymous_2)
FNF:3
FNH:2
FNDA:16,(anonymous_0)
FNDA:16,(anonymous_1)
FNDA:0,(anonymous_2)
DA:1,6
DA:3,6
DA:5,6
DA:6,6
DA:8,16
DA:12,16
DA:14,0
DA:15,0
DA:18,6
LF:9
LH:7
BRDA:5,0,0,6
BRDA:5,0,1,0
BRF:2
BRH:1
end_of_record
TN:
SF:src/models/ingredientModels.js
FN:4,(anonymous_0)
FN:11,(anonymous_1)
FN:18,(anonymous_2)
FN:25,(anonymous_3)
FN:32,(anonymous_4)
FN:46,(anonymous_5)
FNF:6
FNH:6
FNDA:1,(anonymous_0)
FNDA:2,(anonymous_1)
FNDA:1,(anonymous_2)
FNDA:3,(anonymous_3)
FNDA:2,(anonymous_4)
FNDA:3,(anonymous_5)
DA:1,3
DA:2,3
DA:4,3
DA:5,1
DA:6,1
DA:8,1
DA:11,3
DA:12,2
DA:13,2
DA:15,2
DA:18,3
DA:19,1
DA:20,1
DA:22,1
DA:25,3
DA:26,3
DA:27,3
DA:29,3
DA:32,3
DA:33,2
DA:34,2
DA:46,3
DA:47,3
DA:48,3
DA:52,3
LF:25
LH:25
BRF:0
BRH:0
end_of_record
TN:
SF:src/models/userModels.js
FN:3,(anonymous_0)
FN:9,(anonymous_1)
FNF:2
FNH:2
FNDA:1,(anonymous_0)
FNDA:3,(anonymous_1)
DA:1,3
DA:3,3
DA:4,1
DA:5,1
DA:6,1
DA:9,3
DA:10,3
DA:11,3
DA:12,3
DA:15,3
LF:10
LH:10
BRF:0
BRH:0
end_of_record
TN:
SF:src/schemas/ingredientSchema.js
FNF:0
FNH:0
DA:1,2
DA:3,2
DA:10,2
DA:15,2
LF:4
LH:4
BRF:0
BRH:0
end_of_record
TN:
SF:src/schemas/userSchema.js
FNF:0
FNH:0
DA:1,2
DA:3,2
DA:10,2
DA:15,2
LF:4
LH:4
BRF:0
BRH:0
end_of_record
TN:
SF:src/services/ingredientServices.js
FN:9,(anonymous_0)
FN:20,(anonymous_1)
FN:31,(anonymous_2)
FN:33,(anonymous_3)
FN:45,(anonymous_4)
FNF:5
FNH:5
FNDA:8,(anonymous_0)
FNDA:13,(anonymous_1)
FNDA:2,(anonymous_2)
FNDA:7,(anonymous_3)
FNDA:5,(anonymous_4)
DA:1,2
DA:2,2
DA:3,2
DA:4,2
DA:5,2
DA:6,2
DA:9,2
DA:10,8
DA:11,8
DA:12,1
DA:14,1
DA:15,1
DA:17,0
DA:20,2
DA:21,13
DA:22,3
DA:25,10
DA:26,10
DA:28,4
DA:31,2
DA:33,2
DA:34,7
DA:35,7
DA:37,3
DA:38,1
DA:40,1
DA:42,1
DA:45,2
DA:46,5
DA:47,2
DA:48,2
DA:52,2
LF:32
LH:31
BRDA:21,0,0,3
BRDA:21,0,1,10
BRF:2
BRH:2
end_of_record
TN:
SF:src/services/userServices.js
FN:9,(anonymous_0)
FN:22,(anonymous_1)
FNF:2
FNH:2
FNDA:8,(anonymous_0)
FNDA:9,(anonymous_1)
DA:1,2
DA:2,2
DA:3,2
DA:4,2
DA:5,2
DA:6,2
DA:7,2
DA:9,2
DA:10,8
DA:11,8
DA:13,2
DA:15,2
DA:17,1
DA:19,1
DA:22,2
DA:23,9
DA:24,9
DA:26,5
DA:27,5
DA:28,3
DA:30,1
DA:32,1
DA:36,2
LF:23
LH:23
BRF:0
BRH:0
end_of_record
TN:
SF:src/tests/mongoConnection.js
FN:6,(anonymous_0)
FNF:1
FNH:1
FNDA:8,(anonymous_0)
DA:1,2
DA:2,2
DA:4,2
DA:6,2
DA:7,8
DA:8,8
DA:13,8
DA:16,2
LF:8
LH:8
BRF:0
BRH:0
end_of_record
TN:
SF:src/utils/dictionary/errorObjects.js
FNF:0
FNH:0
DA:1,4
DA:3,4
DA:12,4
LF:3
LH:3
BRF:0
BRH:0
end_of_record
TN:
SF:src/utils/dictionary/status.js
FNF:0
FNH:0
DA:1,4
LF:1
LH:1
BRF:0
BRH:0
end_of_record
TN:
SF:src/utils/functions/index.js
FN:5,(anonymous_0)
FN:12,(anonymous_1)
FN:18,(anonymous_2)
FN:24,(anonymous_3)
FN:31,(anonymous_4)
FN:37,(anonymous_5)
FN:52,(anonymous_6)
FNF:7
FNH:7
FNDA:32,(anonymous_0)
FNDA:2,(anonymous_1)
FNDA:5,(anonymous_2)
FNDA:3,(anonymous_3)
FNDA:1,(anonymous_4)
FNDA:2,(anonymous_5)
FNDA:10,(anonymous_6)
DA:1,4
DA:2,4
DA:3,4
DA:5,4
DA:6,32
DA:7,32
DA:8,21
DA:12,4
DA:13,2
DA:14,1
DA:18,4
DA:19,5
DA:20,2
DA:24,4
DA:25,3
DA:26,2
DA:31,4
DA:32,1
DA:33,1
DA:37,4
DA:38,2
DA:39,2
DA:40,9
DA:41,4
DA:43,5
DA:47,2
DA:49,2
DA:52,4
DA:53,10
DA:54,6
DA:58,4
LF:31
LH:31
BRDA:6,0,0,32
BRDA:6,0,1,21
BRDA:7,1,0,21
BRDA:7,1,1,11
BRDA:13,2,0,1
BRDA:13,2,1,1
BRDA:19,3,0,2
BRDA:19,3,1,3
BRDA:25,4,0,2
BRDA:25,4,1,1
BRDA:32,5,0,1
BRDA:32,5,1,0
BRDA:40,6,0,4
BRDA:40,6,1,5
BRDA:53,7,0,6
BRDA:53,7,1,4
BRF:16
BRH:15
end_of_record
